<?xml version="1.0" encoding="UTF-8"?>
<!-- Generated by org.testng.reporters.JUnitXMLReporter -->
<testsuite ignored="13" hostname="DESKTOP-LIMR78O" failures="0" tests="5" name="Smoke" time="70.841" errors="0" timestamp="2022-01-23T21:20:02 IST">
  <testcase classname="ktctc.ebanking.HomePageTest" name="validateBalance" time="3.98"/>
  <testcase classname="ktctc.ebanking.TransferPageTest" name="validateBankTransfer" time="8.171"/>
  <testcase classname="ktctc.ebanking.TransferPageTest" name="validateWithdraw" time="10.872"/>
  <testcase classname="ktctc.ebanking.LoginPageTest" name="loginToHomePageTest" time="3.401"/>
  <testcase classname="ktctc.ebanking.LoanPageTest" name="verifyCarLoanRequestTest" time="7.027"/>
  <testcase classname="ktctc.ebanking.base.BaseClass" name="@BeforeTest loadConfig" time="0.0">
    <ignored/>
  </testcase> <!-- @BeforeTest loadConfig -->
  <testcase classname="ktctc.ebanking.base.BaseClass" name="@BeforeTest loadConfig" time="0.0">
    <ignored/>
  </testcase> <!-- @BeforeTest loadConfig -->
  <testcase classname="ktctc.ebanking.base.BaseClass" name="@BeforeTest loadConfig" time="0.0">
    <ignored/>
  </testcase> <!-- @BeforeTest loadConfig -->
  <testcase classname="ktctc.ebanking.base.BaseClass" name="@BeforeTest loadConfig" time="0.0">
    <ignored/>
  </testcase> <!-- @BeforeTest loadConfig -->
  <testcase classname="ktctc.ebanking.base.BaseClass" name="@BeforeTest loadConfig" time="0.0">
    <ignored/>
  </testcase> <!-- @BeforeTest loadConfig -->
  <testcase classname="ktctc.ebanking.base.BaseClass" name="@BeforeSuite beforeSuite" time="0.0">
    <ignored/>
  </testcase> <!-- @BeforeSuite beforeSuite -->
  <testcase classname="ktctc.ebanking.base.BaseClass" name="@BeforeSuite beforeSuite" time="0.0">
    <ignored/>
  </testcase> <!-- @BeforeSuite beforeSuite -->
  <testcase classname="ktctc.ebanking.base.BaseClass" name="@BeforeSuite beforeSuite" time="0.0">
    <ignored/>
  </testcase> <!-- @BeforeSuite beforeSuite -->
  <testcase classname="ktctc.ebanking.base.BaseClass" name="@BeforeSuite beforeSuite" time="0.0">
    <ignored/>
  </testcase> <!-- @BeforeSuite beforeSuite -->
  <testcase classname="ktctc.ebanking.base.BaseClass" name="@BeforeSuite beforeSuite" time="0.0">
    <ignored/>
  </testcase> <!-- @BeforeSuite beforeSuite -->
  <testcase classname="ktctc.ebanking.RegistrationPageTest" name="validateRegistrationTest" time="0.0">
    <ignored/>
  </testcase> <!-- validateRegistrationTest -->
  <testcase classname="ktctc.ebanking.DepositPageTest" name="validateDeposit" time="0.0">
    <ignored/>
  </testcase> <!-- validateDeposit -->
  <testcase classname="ktctc.ebanking.HomePageTest" name="validateAccNo" time="0.0">
    <ignored/>
  </testcase> <!-- validateAccNo -->
</testsuite> <!-- Smoke -->
