<?xml version="1.0" encoding="UTF-8"?>
<!-- Generated by org.testng.reporters.JUnitXMLReporter -->
<testsuite ignored="15" hostname="DESKTOP-LIMR78O" failures="0" tests="3" name="Regression" time="43.484" errors="0" timestamp="2022-01-23T21:18:05 IST">
  <testcase classname="ktctc.ebanking.HomePageTest" name="validateAccNo" time="4.369"/>
  <testcase classname="ktctc.ebanking.TransferPageTest" name="validateBankTransfer" time="7.966"/>
  <testcase classname="ktctc.ebanking.LoginPageTest" name="loginToHomePageTest" time="3.956"/>
  <testcase classname="ktctc.ebanking.base.BaseClass" name="@BeforeTest loadConfig" time="0.0">
    <ignored/>
  </testcase> <!-- @BeforeTest loadConfig -->
  <testcase classname="ktctc.ebanking.base.BaseClass" name="@BeforeTest loadConfig" time="0.0">
    <ignored/>
  </testcase> <!-- @BeforeTest loadConfig -->
  <testcase classname="ktctc.ebanking.base.BaseClass" name="@BeforeTest loadConfig" time="0.0">
    <ignored/>
  </testcase> <!-- @BeforeTest loadConfig -->
  <testcase classname="ktctc.ebanking.base.BaseClass" name="@BeforeTest loadConfig" time="0.0">
    <ignored/>
  </testcase> <!-- @BeforeTest loadConfig -->
  <testcase classname="ktctc.ebanking.base.BaseClass" name="@BeforeTest loadConfig" time="0.0">
    <ignored/>
  </testcase> <!-- @BeforeTest loadConfig -->
  <testcase classname="ktctc.ebanking.HomePageTest" name="validateBalance" time="0.0">
    <ignored/>
  </testcase> <!-- validateBalance -->
  <testcase classname="ktctc.ebanking.TransferPageTest" name="validateWithdraw" time="0.0">
    <ignored/>
  </testcase> <!-- validateWithdraw -->
  <testcase classname="ktctc.ebanking.base.BaseClass" name="@BeforeSuite beforeSuite" time="0.0">
    <ignored/>
  </testcase> <!-- @BeforeSuite beforeSuite -->
  <testcase classname="ktctc.ebanking.base.BaseClass" name="@BeforeSuite beforeSuite" time="0.0">
    <ignored/>
  </testcase> <!-- @BeforeSuite beforeSuite -->
  <testcase classname="ktctc.ebanking.base.BaseClass" name="@BeforeSuite beforeSuite" time="0.0">
    <ignored/>
  </testcase> <!-- @BeforeSuite beforeSuite -->
  <testcase classname="ktctc.ebanking.base.BaseClass" name="@BeforeSuite beforeSuite" time="0.0">
    <ignored/>
  </testcase> <!-- @BeforeSuite beforeSuite -->
  <testcase classname="ktctc.ebanking.base.BaseClass" name="@BeforeSuite beforeSuite" time="0.0">
    <ignored/>
  </testcase> <!-- @BeforeSuite beforeSuite -->
  <testcase classname="ktctc.ebanking.RegistrationPageTest" name="validateRegistrationTest" time="0.0">
    <ignored/>
  </testcase> <!-- validateRegistrationTest -->
  <testcase classname="ktctc.ebanking.DepositPageTest" name="validateDeposit" time="0.0">
    <ignored/>
  </testcase> <!-- validateDeposit -->
  <testcase classname="ktctc.ebanking.LoanPageTest" name="verifyCarLoanRequestTest" time="0.0">
    <ignored/>
  </testcase> <!-- verifyCarLoanRequestTest -->
</testsuite> <!-- Regression -->
